[1] 2019-03-04 20:40:56.9972 Error ‘айл 'D:\Anton\Projects\AutoSaveImgClipboard\AutoSaveImgClipboard\bin\Debug\ru\Resource_.resx' не найден.System.IO.FileNotFoundException: ‘айл 'D:\Anton\Projects\AutoSaveImgClipboard\AutoSaveImgClipboard\bin\Debug\ru\Resource_.resx' не найден.
»м€ файла: 'D:\Anton\Projects\AutoSaveImgClipboard\AutoSaveImgClipboard\bin\Debug\ru\Resource_.resx'
   в System.IO.__Error.WinIOError(Int32 errorCode, String maybeFullPath)
   в System.IO.FileStream.Init(String path, FileMode mode, FileAccess access, Int32 rights, Boolean useRights, FileShare share, Int32 bufferSize, FileOptions options, SECURITY_ATTRIBUTES secAttrs, String msgPath, Boolean bFromProxy, Boolean useLongPath, Boolean checkHost)
   в System.IO.FileStream..ctor(String path, FileMode mode, FileAccess access, FileShare share)
   в System.Resources.ResXResourceReader.EnsureResData()
   в System.Resources.ResXResourceReader.GetEnumerator()
   в AutoSaveImgClipboard.frmConfig.LoadResources(String language) в D:\Anton\Projects\AutoSaveImgClipboard\AutoSaveImgClipboard\frmConfig.cs:строка 83
   в AutoSaveImgClipboard.frmConfig.frmConfig_Load(Object sender, EventArgs e) в D:\Anton\Projects\AutoSaveImgClipboard\AutoSaveImgClipboard\frmConfig.cs:строка 57
   в System.Windows.Forms.Form.OnLoad(EventArgs e)
   в System.Windows.Forms.Form.OnCreateControl()
   в System.Windows.Forms.Control.CreateControl(Boolean fIgnoreVisible)
   в System.Windows.Forms.Control.CreateControl()
   в System.Windows.Forms.Control.WmShowWindow(Message& m)
   в System.Windows.Forms.Control.WndProc(Message& m)
   в System.Windows.Forms.ScrollableControl.WndProc(Message& m)
   в System.Windows.Forms.Form.WmShowWindow(Message& m)
   в System.Windows.Forms.Form.WndProc(Message& m)
   в System.Windows.Forms.Control.ControlNativeWindow.OnMessage(Message& m)
   в System.Windows.Forms.Control.ControlNativeWindow.WndProc(Message& m)
   в System.Windows.Forms.NativeWindow.Callback(IntPtr hWnd, Int32 msg, IntPtr wparam, IntPtr lparam) 

[1] 2019-03-04 20:42:44.4420 Error ‘айл 'D:\Anton\Projects\AutoSaveImgClipboard\AutoSaveImgClipboard\bin\Debug\ru\Resource_.resx' не найден.System.IO.FileNotFoundException: ‘айл 'D:\Anton\Projects\AutoSaveImgClipboard\AutoSaveImgClipboard\bin\Debug\ru\Resource_.resx' не найден.
»м€ файла: 'D:\Anton\Projects\AutoSaveImgClipboard\AutoSaveImgClipboard\bin\Debug\ru\Resource_.resx'
   в System.IO.__Error.WinIOError(Int32 errorCode, String maybeFullPath)
   в System.IO.FileStream.Init(String path, FileMode mode, FileAccess access, Int32 rights, Boolean useRights, FileShare share, Int32 bufferSize, FileOptions options, SECURITY_ATTRIBUTES secAttrs, String msgPath, Boolean bFromProxy, Boolean useLongPath, Boolean checkHost)
   в System.IO.FileStream..ctor(String path, FileMode mode, FileAccess access, FileShare share)
   в System.Resources.ResXResourceReader.EnsureResData()
   в System.Resources.ResXResourceReader.GetEnumerator()
   в AutoSaveImgClipboard.frmConfig.LoadResources(String language) в D:\Anton\Projects\AutoSaveImgClipboard\AutoSaveImgClipboard\frmConfig.cs:строка 83
   в AutoSaveImgClipboard.frmConfig.frmConfig_Load(Object sender, EventArgs e) в D:\Anton\Projects\AutoSaveImgClipboard\AutoSaveImgClipboard\frmConfig.cs:строка 57
   в System.Windows.Forms.Form.OnLoad(EventArgs e)
   в System.Windows.Forms.Form.OnCreateControl()
   в System.Windows.Forms.Control.CreateControl(Boolean fIgnoreVisible)
   в System.Windows.Forms.Control.CreateControl()
   в System.Windows.Forms.Control.WmShowWindow(Message& m)
   в System.Windows.Forms.Control.WndProc(Message& m)
   в System.Windows.Forms.ScrollableControl.WndProc(Message& m)
   в System.Windows.Forms.Form.WmShowWindow(Message& m)
   в System.Windows.Forms.Form.WndProc(Message& m)
   в System.Windows.Forms.Control.ControlNativeWindow.OnMessage(Message& m)
   в System.Windows.Forms.Control.ControlNativeWindow.WndProc(Message& m)
   в System.Windows.Forms.NativeWindow.Callback(IntPtr hWnd, Int32 msg, IntPtr wparam, IntPtr lparam) 

[1] 2019-03-04 20:43:57.6176 Error ‘айл 'D:\Anton\Projects\AutoSaveImgClipboard\AutoSaveImgClipboard\bin\Debug\ru\Resource_.resx' не найден.System.IO.FileNotFoundException: ‘айл 'D:\Anton\Projects\AutoSaveImgClipboard\AutoSaveImgClipboard\bin\Debug\ru\Resource_.resx' не найден.
»м€ файла: 'D:\Anton\Projects\AutoSaveImgClipboard\AutoSaveImgClipboard\bin\Debug\ru\Resource_.resx'
   в System.IO.__Error.WinIOError(Int32 errorCode, String maybeFullPath)
   в System.IO.FileStream.Init(String path, FileMode mode, FileAccess access, Int32 rights, Boolean useRights, FileShare share, Int32 bufferSize, FileOptions options, SECURITY_ATTRIBUTES secAttrs, String msgPath, Boolean bFromProxy, Boolean useLongPath, Boolean checkHost)
   в System.IO.FileStream..ctor(String path, FileMode mode, FileAccess access, FileShare share)
   в System.Resources.ResXResourceReader.EnsureResData()
   в System.Resources.ResXResourceReader.GetEnumerator()
   в AutoSaveImgClipboard.frmConfig.LoadResources(String language) в D:\Anton\Projects\AutoSaveImgClipboard\AutoSaveImgClipboard\frmConfig.cs:строка 83
   в AutoSaveImgClipboard.frmConfig.frmConfig_Load(Object sender, EventArgs e) в D:\Anton\Projects\AutoSaveImgClipboard\AutoSaveImgClipboard\frmConfig.cs:строка 57
   в System.Windows.Forms.Form.OnLoad(EventArgs e)
   в System.Windows.Forms.Form.OnCreateControl()
   в System.Windows.Forms.Control.CreateControl(Boolean fIgnoreVisible)
   в System.Windows.Forms.Control.CreateControl()
   в System.Windows.Forms.Control.WmShowWindow(Message& m)
   в System.Windows.Forms.Control.WndProc(Message& m)
   в System.Windows.Forms.ScrollableControl.WndProc(Message& m)
   в System.Windows.Forms.Form.WmShowWindow(Message& m)
   в System.Windows.Forms.Form.WndProc(Message& m)
   в System.Windows.Forms.Control.ControlNativeWindow.OnMessage(Message& m)
   в System.Windows.Forms.Control.ControlNativeWindow.WndProc(Message& m)
   в System.Windows.Forms.NativeWindow.Callback(IntPtr hWnd, Int32 msg, IntPtr wparam, IntPtr lparam) 

[1] 2019-03-04 20:44:24.9663 Error ‘айл 'D:\Anton\Projects\AutoSaveImgClipboard\AutoSaveImgClipboard\bin\Debug\ru\Resource_.resx' не найден.System.IO.FileNotFoundException: ‘айл 'D:\Anton\Projects\AutoSaveImgClipboard\AutoSaveImgClipboard\bin\Debug\ru\Resource_.resx' не найден.
»м€ файла: 'D:\Anton\Projects\AutoSaveImgClipboard\AutoSaveImgClipboard\bin\Debug\ru\Resource_.resx'
   в System.IO.__Error.WinIOError(Int32 errorCode, String maybeFullPath)
   в System.IO.FileStream.Init(String path, FileMode mode, FileAccess access, Int32 rights, Boolean useRights, FileShare share, Int32 bufferSize, FileOptions options, SECURITY_ATTRIBUTES secAttrs, String msgPath, Boolean bFromProxy, Boolean useLongPath, Boolean checkHost)
   в System.IO.FileStream..ctor(String path, FileMode mode, FileAccess access, FileShare share)
   в System.Resources.ResXResourceReader.EnsureResData()
   в System.Resources.ResXResourceReader.GetEnumerator()
   в AutoSaveImgClipboard.frmConfig.LoadResources(String language) в D:\Anton\Projects\AutoSaveImgClipboard\AutoSaveImgClipboard\frmConfig.cs:строка 83
   в AutoSaveImgClipboard.frmConfig.frmConfig_Load(Object sender, EventArgs e) в D:\Anton\Projects\AutoSaveImgClipboard\AutoSaveImgClipboard\frmConfig.cs:строка 57
   в System.Windows.Forms.Form.OnLoad(EventArgs e)
   в System.Windows.Forms.Form.OnCreateControl()
   в System.Windows.Forms.Control.CreateControl(Boolean fIgnoreVisible)
   в System.Windows.Forms.Control.CreateControl()
   в System.Windows.Forms.Control.WmShowWindow(Message& m)
   в System.Windows.Forms.Control.WndProc(Message& m)
   в System.Windows.Forms.ScrollableControl.WndProc(Message& m)
   в System.Windows.Forms.Form.WmShowWindow(Message& m)
   в System.Windows.Forms.Form.WndProc(Message& m)
   в System.Windows.Forms.Control.ControlNativeWindow.OnMessage(Message& m)
   в System.Windows.Forms.Control.ControlNativeWindow.WndProc(Message& m)
   в System.Windows.Forms.NativeWindow.Callback(IntPtr hWnd, Int32 msg, IntPtr wparam, IntPtr lparam) 

